<?xml version="1.0" encoding="UTF-8"?>
<!-- Generated by org.testng.reporters.JUnitReportReporter -->
<testsuite skipped="0" hostname="Karthi-Mohan" name="org.sample.Sample" tests="1" failures="0" timestamp="21 Feb 2025 10:33:51 GMT" time="0.016" errors="0">
  <testcase name="test" time="0.016" classname="org.sample.Sample"/>
</testsuite> <!-- org.sample.Sample -->
